La génération a démarré 28/10/2015 16:46:26.
     1>Projet "I:\Documents\projet c++\VBsheet\VBsheet.vcxproj" sur le nœud 2 (Build cible(s)).
     1>CustomBuild:
         Moc'ing prematch1.h...
         Moc'ing teamlist.h...
         Uic'ing prematch1.ui...
     1>I:\Documents\projet c++\VBsheet\prematch1.ui : warning : Z-order assignment: '' is not a valid widget.
         Uic'ing teamlist.ui...
       ClCompile:
         C:\Program Files (x86)\Microsoft Visual Studio 12.0\VC\bin\x86_amd64\CL.exe /c /I. /IC:\Qt\Qt5.5.0\5.5\msvc2013_64\include /IC:\Qt\Qt5.5.0\5.5\msvc2013_64\include\QtWidgets /IC:\Qt\Qt5.5.0\5.5\msvc2013_64\include\QtGui /IC:\Qt\Qt5.5.0\5.5\msvc2013_64\include\QtANGLE /IC:\Qt\Qt5.5.0\5.5\msvc2013_64\include\QtCore /Idebug /I. /I"C:\Qt\Qt5.5.0\5.5\msvc2013_64\mkspecs\win32-msvc2013" /I.\GeneratedFiles /Zi /nologo /W3 /WX- /Od /D _WINDOWS /D UNICODE /D WIN32 /D WIN64 /D QT_WIDGETS_LIB /D QT_GUI_LIB /D QT_CORE_LIB /Gm- /EHsc /MDd /GS /fp:precise /Zc:wchar_t /Zc:forScope /GR /Fo"x64\Debug\\" /Fd"x64\Debug\vc120.pdb" /Gd /TP /errorReport:prompt -w34100 -w34189 -w44996 Debug\moc_prematch1.cpp Debug\moc_teamlist.cpp joueur.cpp main.cpp match.cpp person.cpp prematch1.cpp team.cpp teamlist.cpp
         moc_prematch1.cpp
         moc_teamlist.cpp
         joueur.cpp
         main.cpp
         match.cpp
         person.cpp
         prematch1.cpp
         team.cpp
         teamlist.cpp
         Génération de code en cours...
       Link:
         C:\Program Files (x86)\Microsoft Visual Studio 12.0\VC\bin\x86_amd64\link.exe /ERRORREPORT:PROMPT /OUT:"debug\\VBsheet.exe" /NOLOGO /LIBPATH:C:\Qt\Qt5.5.0\5.5\msvc2013_64\lib /LIBPATH:C:/qt/qt5.5.0/5.5/msvc2013_64/lib /LIBPATH:C:\Qt\Qt5.5.0\5.5\msvc2013_64\lib C:\Qt\Qt5.5.0\5.5\msvc2013_64\lib\qtmaind.lib shell32.lib C:/qt/qt5.5.0/5.5/msvc2013_64/lib\Qt5Cored.lib C:\Qt\Qt5.5.0\5.5\msvc2013_64\lib\Qt5Widgetsd.lib C:\Qt\Qt5.5.0\5.5\msvc2013_64\lib\Qt5Guid.lib C:\Qt\Qt5.5.0\5.5\msvc2013_64\lib\Qt5Cored.lib kernel32.lib user32.lib gdi32.lib winspool.lib comdlg32.lib advapi32.lib shell32.lib ole32.lib oleaut32.lib uuid.lib odbc32.lib odbccp32.lib /MANIFEST /MANIFESTUAC:"level='asInvoker' uiAccess='false'" /manifest:embed /DEBUG /PDB:"debug\VBsheet.pdb" /SUBSYSTEM:WINDOWS /TLBID:1 /DYNAMICBASE /NXCOMPAT /MACHINE:X64 "/MANIFESTDEPENDENCY:type='win32' name='Microsoft.Windows.Common-Controls' version='6.0.0.0' publicKeyToken='6595b64144ccf1df' language='*' processorArchitecture='*'" x64\Debug\moc_prematch1.obj
         x64\Debug\moc_teamlist.obj
         x64\Debug\joueur.obj
         x64\Debug\main.obj
         x64\Debug\match.obj
         x64\Debug\person.obj
         x64\Debug\prematch1.obj
         x64\Debug\team.obj
         x64\Debug\teamlist.obj
         VBsheet.vcxproj -> I:\Documents\projet c++\VBsheet\debug\VBsheet.exe
     1>Génération du projet "I:\Documents\projet c++\VBsheet\VBsheet.vcxproj" terminée (Build cible(s)).

La génération a réussi.

Temps écoulé 00:00:11.19
